<?xml version="1.0" encoding="UTF-8"?>
<!-- Generated by org.testng.reporters.JUnitReportReporter -->
<testsuite hostname="SAKSOFT124PDC" name="openweather.OpenWeatherMap.testrunner.TestRunner" tests="2" failures="0" timestamp="29 Aug 2019 12:06:16 GMT" time="83.026" errors="0">
  <testcase name="feature" time="4.906" classname="openweather.OpenWeatherMap.testrunner.TestRunner"/>
  <testcase name="feature" time="78.120" classname="openweather.OpenWeatherMap.testrunner.TestRunner"/>
</testsuite> <!-- openweather.OpenWeatherMap.testrunner.TestRunner -->
